[debug] [2020-02-22T14:16:03.724Z] ----------------------------------------------------------------------
[debug] [2020-02-22T14:16:03.726Z] Command:       /Users/huaying/.nvm/versions/node/v12.10.0/bin/node /Users/huaying/.nvm/versions/node/v12.10.0/bin/firebase serve --only functions
[debug] [2020-02-22T14:16:03.726Z] CLI Version:   7.13.1
[debug] [2020-02-22T14:16:03.726Z] Platform:      darwin
[debug] [2020-02-22T14:16:03.726Z] Node Version:  v12.10.0
[debug] [2020-02-22T14:16:03.727Z] Time:          Sat Feb 22 2020 22:16:03 GMT+0800 (Taipei Standard Time)
[debug] [2020-02-22T14:16:03.727Z] ----------------------------------------------------------------------
[debug] [2020-02-22T14:16:03.727Z] 
[debug] [2020-02-22T14:16:03.732Z] > command requires scopes: ["email","openid","https://www.googleapis.com/auth/cloudplatformprojects.readonly","https://www.googleapis.com/auth/firebase","https://www.googleapis.com/auth/cloud-platform"]
[debug] [2020-02-22T14:16:03.732Z] > authorizing via signed-in user
[debug] [2020-02-22T14:16:03.732Z] [iam] checking project bitfinex-lending-bot-e8a68 for permissions ["firebase.projects.get"]
[debug] [2020-02-22T14:16:03.733Z] >>> HTTP REQUEST POST https://cloudresourcemanager.googleapis.com/v1/projects/bitfinex-lending-bot-e8a68:testIamPermissions  

[debug] [2020-02-22T14:16:04.693Z] <<< HTTP RESPONSE 200
[debug] [2020-02-22T14:16:04.695Z] >>> HTTP REQUEST GET https://firebase.googleapis.com/v1beta1/projects/bitfinex-lending-bot-e8a68  
 
[debug] [2020-02-22T14:16:04.995Z] <<< HTTP RESPONSE 200
[warn] ⚠  Your functions directory does not specify a Node version.
   - Learn more at https://firebase.google.com/docs/functions/manage-functions#set_runtime_options
[info] ✔  functions: Emulator started at http://localhost:5000
[info] i  functions: Watching "/Users/huaying/Project/bitfinex-lending-bot/functions" for Cloud Functions...
[debug] [2020-02-22T14:16:05.015Z] [worker-pool] addWorker(~diagnostic~)
[debug] [2020-02-22T14:16:05.015Z] [worker-pool] Adding worker with key ~diagnostic~, total=1
[debug] [2020-02-22T14:16:05.015Z] [worker-pool] submitWork(triggerId=)
[debug] [2020-02-22T14:16:05.016Z] [worker-~diagnostic~-eb1e10a8-41c2-4991-a227-15d92ffd5e40]: Assigning socketPath: /var/folders/j5/39467t255l3df0yldmlt3vd00000gp/T/fire_emu_15438.sock
[debug] [2020-02-22T14:16:05.016Z] [worker-~diagnostic~-eb1e10a8-41c2-4991-a227-15d92ffd5e40]: BUSY
[debug] [2020-02-22T14:16:05.186Z] [runtime-status] [15438] Functions runtime initialized. {"cwd":"/Users/huaying/Project/bitfinex-lending-bot/functions","node_version":"12.10.0"}
[debug] [2020-02-22T14:16:05.187Z] [runtime-status] [15438] Disabled runtime features: {"functions_config_helper":true,"network_filtering":true,"timeout":true,"memory_limiting":true,"admin_stubs":true,"pubsub_emulator":true}
[debug] [2020-02-22T14:16:05.189Z] [runtime-status] [15438] Resolved module firebase-admin {"declared":true,"installed":true,"version":"8.9.2","resolution":"/Users/huaying/Project/bitfinex-lending-bot/functions/node_modules/firebase-admin/lib/index.js"}
[debug] [2020-02-22T14:16:05.191Z] [runtime-status] [15438] Resolved module firebase-functions {"declared":true,"installed":true,"version":"3.3.0","resolution":"/Users/huaying/Project/bitfinex-lending-bot/functions/node_modules/firebase-functions/lib/index.js"}
[debug] [2020-02-22T14:16:05.192Z] [runtime-status] [15438] Resolved module firebase-functions {"declared":true,"installed":true,"version":"3.3.0","resolution":"/Users/huaying/Project/bitfinex-lending-bot/functions/node_modules/firebase-functions/lib/index.js"}
[info] >  {"databaseURL":"https://bitfinex-lending-bot-e8a68.firebaseio.com","storageBucket":"bitfinex-lending-bot-e8a68.appspot.com","projectId":"bitfinex-lending-bot-e8a68"} FVQ21hM6awAr8DsXoLUDthGpSA1dtnkXqukndiVqjkD
[warn] ⚠  TypeError: Cannot read property 'key' of undefined
    at Object.<anonymous> (/Users/huaying/Project/bitfinex-lending-bot/functions/config.js:10:36)
    at Module._compile (internal/modules/cjs/loader.js:936:30)
    at Object.Module._extensions..js (internal/modules/cjs/loader.js:947:10)
    at Module.load (internal/modules/cjs/loader.js:790:32)
    at Function.Module._load (internal/modules/cjs/loader.js:703:12)
    at Module.require (internal/modules/cjs/loader.js:830:19)
    at require (internal/modules/cjs/helpers.js:68:18)
    at Object.<anonymous> (/Users/huaying/Project/bitfinex-lending-bot/functions/bitfinex.js:3:16)
    at Module._compile (internal/modules/cjs/loader.js:936:30)
    at Object.Module._extensions..js (internal/modules/cjs/loader.js:947:10)
    at Module.load (internal/modules/cjs/loader.js:790:32)
    at Function.Module._load (internal/modules/cjs/loader.js:703:12)
    at Module.require (internal/modules/cjs/loader.js:830:19)
    at require (internal/modules/cjs/helpers.js:68:18)
    at Object.<anonymous> (/Users/huaying/Project/bitfinex-lending-bot/functions/index.js:2:19)
    at Module._compile (internal/modules/cjs/loader.js:936:30)
    at Object.Module._extensions..js (internal/modules/cjs/loader.js:947:10)
    at Module.load (internal/modules/cjs/loader.js:790:32)
    at Function.Module._load (internal/modules/cjs/loader.js:703:12)
    at Module.require (internal/modules/cjs/loader.js:830:19)
    at require (internal/modules/cjs/helpers.js:68:18)
    at /Users/huaying/.nvm/versions/node/v12.10.0/lib/node_modules/firebase-tools/lib/emulator/functionsEmulatorRuntime.js:719:33
[warn] ⚠  We were unable to load your functions code. (see above)
[debug] [2020-02-22T14:16:05.527Z] [worker-~diagnostic~-eb1e10a8-41c2-4991-a227-15d92ffd5e40]: exited
[debug] [2020-02-22T14:16:05.527Z] [worker-~diagnostic~-eb1e10a8-41c2-4991-a227-15d92ffd5e40]: FINISHED
[debug] [2020-02-22T14:18:05.041Z] File /Users/huaying/Project/bitfinex-lending-bot/functions/config.js changed, reloading triggers
[debug] [2020-02-22T14:18:06.043Z] [worker-pool] Cleaned up workers for ~diagnostic~: 1 --> 0
[debug] [2020-02-22T14:18:06.048Z] [worker-pool] addWorker(~diagnostic~)
[debug] [2020-02-22T14:18:06.048Z] [worker-pool] Adding worker with key ~diagnostic~, total=1
[debug] [2020-02-22T14:18:06.048Z] [worker-pool] submitWork(triggerId=)
[debug] [2020-02-22T14:18:06.048Z] [worker-~diagnostic~-54b4413f-56a6-4e01-9ac3-fa1ff7194460]: Assigning socketPath: /var/folders/j5/39467t255l3df0yldmlt3vd00000gp/T/fire_emu_15484.sock
[debug] [2020-02-22T14:18:06.048Z] [worker-~diagnostic~-54b4413f-56a6-4e01-9ac3-fa1ff7194460]: BUSY
[debug] [2020-02-22T14:18:06.220Z] [runtime-status] [15484] Functions runtime initialized. {"cwd":"/Users/huaying/Project/bitfinex-lending-bot/functions","node_version":"12.10.0"}
[debug] [2020-02-22T14:18:06.221Z] [runtime-status] [15484] Disabled runtime features: {"functions_config_helper":true,"network_filtering":true,"timeout":true,"memory_limiting":true,"admin_stubs":true,"pubsub_emulator":true}
[debug] [2020-02-22T14:18:06.223Z] [runtime-status] [15484] Resolved module firebase-admin {"declared":true,"installed":true,"version":"8.9.2","resolution":"/Users/huaying/Project/bitfinex-lending-bot/functions/node_modules/firebase-admin/lib/index.js"}
[debug] [2020-02-22T14:18:06.223Z] [runtime-status] [15484] Resolved module firebase-functions {"declared":true,"installed":true,"version":"3.3.0","resolution":"/Users/huaying/Project/bitfinex-lending-bot/functions/node_modules/firebase-functions/lib/index.js"}
[debug] [2020-02-22T14:18:06.224Z] [runtime-status] [15484] Resolved module firebase-functions {"declared":true,"installed":true,"version":"3.3.0","resolution":"/Users/huaying/Project/bitfinex-lending-bot/functions/node_modules/firebase-functions/lib/index.js"}
[info] ✔  functions[helloWorld]: http function initialized (http://localhost:5000/bitfinex-lending-bot-e8a68/us-central1/helloWorld).
[debug] [2020-02-22T14:18:06.414Z] [worker-~diagnostic~-54b4413f-56a6-4e01-9ac3-fa1ff7194460]: IDLE
[debug] [2020-02-22T14:18:17.379Z] [work-queue] {"queueLength":1,"workRunningCount":0}
[debug] [2020-02-22T14:18:17.379Z] [work-queue] {"queueLength":0,"workRunningCount":1}
[debug] [2020-02-22T14:18:17.380Z] Accepted request GET /bitfinex-lending-bot-e8a68/us-central1/helloWorld --> helloWorld
[debug] [2020-02-22T14:18:17.383Z] [worker-pool] addWorker(helloWorld)
[debug] [2020-02-22T14:18:17.384Z] [worker-pool] Adding worker with key helloWorld, total=1
[debug] [2020-02-22T14:18:17.384Z] [worker-pool] submitWork(triggerId=helloWorld)
[debug] [2020-02-22T14:18:17.384Z] [worker-helloWorld-845999d5-d524-41e7-8e29-7d5f73057044]: Assigning socketPath: /var/folders/j5/39467t255l3df0yldmlt3vd00000gp/T/fire_emu_15494.sock
[debug] [2020-02-22T14:18:17.384Z] [worker-helloWorld-845999d5-d524-41e7-8e29-7d5f73057044]: BUSY
[debug] [2020-02-22T14:18:17.552Z] [runtime-status] [15494] Functions runtime initialized. {"cwd":"/Users/huaying/Project/bitfinex-lending-bot/functions","node_version":"12.10.0"}
[debug] [2020-02-22T14:18:17.553Z] [runtime-status] [15494] Disabled runtime features: {"functions_config_helper":true,"network_filtering":true,"timeout":true,"memory_limiting":true,"admin_stubs":true,"pubsub_emulator":true}
[debug] [2020-02-22T14:18:17.554Z] [runtime-status] [15494] Resolved module firebase-admin {"declared":true,"installed":true,"version":"8.9.2","resolution":"/Users/huaying/Project/bitfinex-lending-bot/functions/node_modules/firebase-admin/lib/index.js"}
[debug] [2020-02-22T14:18:17.555Z] [runtime-status] [15494] Resolved module firebase-functions {"declared":true,"installed":true,"version":"3.3.0","resolution":"/Users/huaying/Project/bitfinex-lending-bot/functions/node_modules/firebase-functions/lib/index.js"}
[debug] [2020-02-22T14:18:17.556Z] [runtime-status] [15494] Resolved module firebase-functions {"declared":true,"installed":true,"version":"3.3.0","resolution":"/Users/huaying/Project/bitfinex-lending-bot/functions/node_modules/firebase-functions/lib/index.js"}
[debug] [2020-02-22T14:18:17.735Z] [runtime-status] [15494] Trigger "helloWorld" has been found, beginning invocation!
[info] i  functions: Beginning execution of "helloWorld"
[debug] [2020-02-22T14:18:17.735Z] [runtime-status] [15494] triggerDefinition {"httpsTrigger":{},"name":"helloWorld","entryPoint":"helloWorld"}
[debug] [2020-02-22T14:18:17.735Z] [runtime-status] [15494] Running helloWorld in mode HTTPS
[debug] [2020-02-22T14:18:17.738Z] [runtime-status] [15494] Attempting to listen to socketPath: /var/folders/j5/39467t255l3df0yldmlt3vd00000gp/T/fire_emu_15494.sock
[debug] [2020-02-22T14:18:17.741Z] [functions] Runtime ready! Sending request!
[debug] [2020-02-22T14:18:17.746Z] [runtime-status] [15494] Ephemeral server handling GET request
[info] >  balance 1657.24824637
[debug] [2020-02-22T14:18:18.144Z] [runtime-status] [15494] Ephemeral server survived.
[info] i  functions: Finished "helloWorld" in ~1s
[debug] [2020-02-22T14:18:18.145Z] [worker-helloWorld-845999d5-d524-41e7-8e29-7d5f73057044]: IDLE
[debug] [2020-02-22T14:18:18.145Z] [work-queue] {"queueLength":0,"workRunningCount":0}
